<?xml version="1.0" encoding="UTF-8"?>
<testsuite xmlns:xsi="http://www.w3.org/2001/XMLSchema-instance" xsi:noNamespaceSchemaLocation="https://maven.apache.org/surefire/maven-surefire-plugin/xsd/surefire-test-report.xsd" name="org.java.calculator.CalculatorTest" time="0.099" tests="40" errors="0" skipped="0" failures="0">
  <properties>
    <property name="java.specification.version" value="17"/>
    <property name="sun.cpu.isalist" value="amd64"/>
    <property name="sun.jnu.encoding" value="Cp1252"/>
    <property name="java.class.path" value="C:\Users\reyes\eclipse-workspace\Experis\org.java.calculator\target\test-classes;C:\Users\reyes\eclipse-workspace\Experis\org.java.calculator\target\classes;C:\Users\reyes\.m2\repository\org\junit\jupiter\junit-jupiter-engine\5.10.0-M1\junit-jupiter-engine-5.10.0-M1.jar;C:\Users\reyes\.m2\repository\org\junit\platform\junit-platform-engine\1.10.0-M1\junit-platform-engine-1.10.0-M1.jar;C:\Users\reyes\.m2\repository\org\opentest4j\opentest4j\1.2.0\opentest4j-1.2.0.jar;C:\Users\reyes\.m2\repository\org\junit\platform\junit-platform-commons\1.10.0-M1\junit-platform-commons-1.10.0-M1.jar;C:\Users\reyes\.m2\repository\org\junit\jupiter\junit-jupiter-api\5.10.0-M1\junit-jupiter-api-5.10.0-M1.jar;C:\Users\reyes\.m2\repository\org\apiguardian\apiguardian-api\1.1.2\apiguardian-api-1.1.2.jar;"/>
    <property name="java.vm.vendor" value="Eclipse Adoptium"/>
    <property name="sun.arch.data.model" value="64"/>
    <property name="user.variant" value=""/>
    <property name="java.vendor.url" value="https://adoptium.net/"/>
    <property name="user.timezone" value="Europe/Rome"/>
    <property name="os.name" value="Windows 11"/>
    <property name="java.vm.specification.version" value="17"/>
    <property name="sun.java.launcher" value="SUN_STANDARD"/>
    <property name="user.country" value="IT"/>
    <property name="sun.boot.library.path" value="C:\Users\reyes\OneDrive\Desktop\java\eclipse-jee-2023-03-R-win32-x86_64\eclipse\plugins\org.eclipse.justj.openjdk.hotspot.jre.full.win32.x86_64_17.0.6.v20230204-1729\jre\bin"/>
    <property name="sun.java.command" value="C:\Users\reyes\AppData\Local\Temp\surefire10762538431387422326\surefirebooter11788674966116112294.jar C:\Users\reyes\AppData\Local\Temp\surefire10762538431387422326 2023-05-23T13-00-48_909-jvmRun1 surefire1557950613786209138tmp surefire_013801189007558512234tmp"/>
    <property name="jdk.debug" value="release"/>
    <property name="surefire.test.class.path" value="C:\Users\reyes\eclipse-workspace\Experis\org.java.calculator\target\test-classes;C:\Users\reyes\eclipse-workspace\Experis\org.java.calculator\target\classes;C:\Users\reyes\.m2\repository\org\junit\jupiter\junit-jupiter-engine\5.10.0-M1\junit-jupiter-engine-5.10.0-M1.jar;C:\Users\reyes\.m2\repository\org\junit\platform\junit-platform-engine\1.10.0-M1\junit-platform-engine-1.10.0-M1.jar;C:\Users\reyes\.m2\repository\org\opentest4j\opentest4j\1.2.0\opentest4j-1.2.0.jar;C:\Users\reyes\.m2\repository\org\junit\platform\junit-platform-commons\1.10.0-M1\junit-platform-commons-1.10.0-M1.jar;C:\Users\reyes\.m2\repository\org\junit\jupiter\junit-jupiter-api\5.10.0-M1\junit-jupiter-api-5.10.0-M1.jar;C:\Users\reyes\.m2\repository\org\apiguardian\apiguardian-api\1.1.2\apiguardian-api-1.1.2.jar;"/>
    <property name="sun.cpu.endian" value="little"/>
    <property name="user.home" value="C:\Users\reyes"/>
    <property name="user.language" value="it"/>
    <property name="java.specification.vendor" value="Oracle Corporation"/>
    <property name="java.version.date" value="2023-01-17"/>
    <property name="java.home" value="C:\Users\reyes\OneDrive\Desktop\java\eclipse-jee-2023-03-R-win32-x86_64\eclipse\plugins\org.eclipse.justj.openjdk.hotspot.jre.full.win32.x86_64_17.0.6.v20230204-1729\jre"/>
    <property name="file.separator" value="\"/>
    <property name="style.color" value="always"/>
    <property name="basedir" value="C:\Users\reyes\eclipse-workspace\Experis\org.java.calculator"/>
    <property name="java.vm.compressedOopsMode" value="Zero based"/>
    <property name="line.separator" value="&#10;"/>
    <property name="java.vm.specification.vendor" value="Oracle Corporation"/>
    <property name="java.specification.name" value="Java Platform API Specification"/>
    <property name="surefire.real.class.path" value="C:\Users\reyes\AppData\Local\Temp\surefire10762538431387422326\surefirebooter11788674966116112294.jar"/>
    <property name="user.script" value=""/>
    <property name="sun.management.compiler" value="HotSpot 64-Bit Tiered Compilers"/>
    <property name="java.runtime.version" value="17.0.6+10"/>
    <property name="user.name" value="reyes"/>
    <property name="path.separator" value=";"/>
    <property name="os.version" value="10.0"/>
    <property name="java.runtime.name" value="OpenJDK Runtime Environment"/>
    <property name="file.encoding" value="Cp1252"/>
    <property name="java.vm.name" value="OpenJDK 64-Bit Server VM"/>
    <property name="java.vendor.version" value="Temurin-17.0.6+10"/>
    <property name="localRepository" value="C:\Users\reyes\.m2\repository"/>
    <property name="java.vendor.url.bug" value="https://github.com/adoptium/adoptium-support/issues"/>
    <property name="java.io.tmpdir" value="C:\Users\reyes\AppData\Local\Temp\"/>
    <property name="java.version" value="17.0.6"/>
    <property name="user.dir" value="C:\Users\reyes\eclipse-workspace\Experis\org.java.calculator"/>
    <property name="os.arch" value="amd64"/>
    <property name="java.vm.specification.name" value="Java Virtual Machine Specification"/>
    <property name="sun.os.patch.level" value=""/>
    <property name="native.encoding" value="Cp1252"/>
    <property name="java.library.path" value="C:\Users\reyes\OneDrive\Desktop\java\eclipse-jee-2023-03-R-win32-x86_64\eclipse\plugins\org.eclipse.justj.openjdk.hotspot.jre.full.win32.x86_64_17.0.6.v20230204-1729\jre\bin;C:\WINDOWS\Sun\Java\bin;C:\WINDOWS\system32;C:\WINDOWS;C:/Users/reyes/OneDrive/Desktop/java/eclipse-jee-2023-03-R-win32-x86_64/eclipse//plugins/org.eclipse.justj.openjdk.hotspot.jre.full.win32.x86_64_17.0.6.v20230204-1729/jre/bin/server;C:/Users/reyes/OneDrive/Desktop/java/eclipse-jee-2023-03-R-win32-x86_64/eclipse//plugins/org.eclipse.justj.openjdk.hotspot.jre.full.win32.x86_64_17.0.6.v20230204-1729/jre/bin;C:\Windows\system32;C:\Windows;C:\Windows\System32\Wbem;C:\Windows\System32\WindowsPowerShell\v1.0\;C:\Windows\System32\OpenSSH\;C:\Program Files (x86)\NVIDIA Corporation\PhysX\Common;C:\Program Files\NVIDIA Corporation\NVIDIA NvDLISR;C:\WINDOWS\system32;C:\WINDOWS;C:\WINDOWS\System32\Wbem;C:\WINDOWS\System32\WindowsPowerShell\v1.0\;C:\WINDOWS\System32\OpenSSH\;C:\Program Files\Git\cmd;C:\Program Files\nodejs\;C:\Program Files (x86)\dotnet\;C:\MAMP\bin\php\php8.1.0;C:\Users\reyes\AppData\Local\Microsoft\WindowsApps;C:\Users\reyes\AppData\Local\Microsoft\WindowsApps;C:\Users\reyes\AppData\Local\Programs\Microsoft VS Code\bin;C:\Users\reyes\AppData\Roaming\npm;C:\Users\reyes\AppData\Roaming\Composer\vendor\bin;C:\Users\reyes\OneDrive\Desktop\java\eclipse-jee-2023-03-R-win32-x86_64\eclipse;;."/>
    <property name="java.vm.info" value="mixed mode"/>
    <property name="java.vendor" value="Eclipse Adoptium"/>
    <property name="java.vm.version" value="17.0.6+10"/>
    <property name="sun.io.unicode.encoding" value="UnicodeLittle"/>
    <property name="java.class.version" value="61.0"/>
  </properties>
  <testcase name="getMultiply[1]" classname="org.java.calculator.CalculatorTest" time="0.019"/>
  <testcase name="getMultiply[2]" classname="org.java.calculator.CalculatorTest" time="0.001"/>
  <testcase name="getMultiply[3]" classname="org.java.calculator.CalculatorTest" time="0"/>
  <testcase name="getMultiply[4]" classname="org.java.calculator.CalculatorTest" time="0.001"/>
  <testcase name="getMultiply[5]" classname="org.java.calculator.CalculatorTest" time="0.001"/>
  <testcase name="getMultiply[6]" classname="org.java.calculator.CalculatorTest" time="0.001"/>
  <testcase name="getMultiply[7]" classname="org.java.calculator.CalculatorTest" time="0.001"/>
  <testcase name="getMultiply[8]" classname="org.java.calculator.CalculatorTest" time="0"/>
  <testcase name="getMultiply[9]" classname="org.java.calculator.CalculatorTest" time="0"/>
  <testcase name="getMultiply[10]" classname="org.java.calculator.CalculatorTest" time="0"/>
  <testcase name="getAdd[1]" classname="org.java.calculator.CalculatorTest" time="0.001"/>
  <testcase name="getAdd[2]" classname="org.java.calculator.CalculatorTest" time="0.001"/>
  <testcase name="getAdd[3]" classname="org.java.calculator.CalculatorTest" time="0"/>
  <testcase name="getAdd[4]" classname="org.java.calculator.CalculatorTest" time="0"/>
  <testcase name="getAdd[5]" classname="org.java.calculator.CalculatorTest" time="0.001"/>
  <testcase name="getAdd[6]" classname="org.java.calculator.CalculatorTest" time="0.001"/>
  <testcase name="getAdd[7]" classname="org.java.calculator.CalculatorTest" time="0.001"/>
  <testcase name="getAdd[8]" classname="org.java.calculator.CalculatorTest" time="0.001"/>
  <testcase name="getAdd[9]" classname="org.java.calculator.CalculatorTest" time="0.001"/>
  <testcase name="getAdd[10]" classname="org.java.calculator.CalculatorTest" time="0.001"/>
  <testcase name="getSubtract[1]" classname="org.java.calculator.CalculatorTest" time="0"/>
  <testcase name="getSubtract[2]" classname="org.java.calculator.CalculatorTest" time="0"/>
  <testcase name="getSubtract[3]" classname="org.java.calculator.CalculatorTest" time="0"/>
  <testcase name="getSubtract[4]" classname="org.java.calculator.CalculatorTest" time="0.001"/>
  <testcase name="getSubtract[5]" classname="org.java.calculator.CalculatorTest" time="0"/>
  <testcase name="getSubtract[6]" classname="org.java.calculator.CalculatorTest" time="0.001"/>
  <testcase name="getSubtract[7]" classname="org.java.calculator.CalculatorTest" time="0.001"/>
  <testcase name="getSubtract[8]" classname="org.java.calculator.CalculatorTest" time="0.001"/>
  <testcase name="getSubtract[9]" classname="org.java.calculator.CalculatorTest" time="0.001"/>
  <testcase name="getSubtract[10]" classname="org.java.calculator.CalculatorTest" time="0.001"/>
  <testcase name="getDivide[1]" classname="org.java.calculator.CalculatorTest" time="0.001"/>
  <testcase name="getDivide[2]" classname="org.java.calculator.CalculatorTest" time="0"/>
  <testcase name="getDivide[3]" classname="org.java.calculator.CalculatorTest" time="0"/>
  <testcase name="getDivide[4]" classname="org.java.calculator.CalculatorTest" time="0.001"/>
  <testcase name="getDivide[5]" classname="org.java.calculator.CalculatorTest" time="0"/>
  <testcase name="getDivide[6]" classname="org.java.calculator.CalculatorTest" time="0"/>
  <testcase name="getDivide[7]" classname="org.java.calculator.CalculatorTest" time="0.001"/>
  <testcase name="getDivide[8]" classname="org.java.calculator.CalculatorTest" time="0.001"/>
  <testcase name="getDivide[9]" classname="org.java.calculator.CalculatorTest" time="0"/>
  <testcase name="getDivide[10]" classname="org.java.calculator.CalculatorTest" time="0"/>
</testsuite>